This is XeTeX, Version 3.141592653-2.6-0.999994 (MiKTeX 22.12) (preloaded format=xelatex 2023.1.17)  18 JAN 2023 14:35
entering extended mode
 restricted \write18 enabled.
 %&-line parsing enabled.
**ipynbtopdf/tests/test_latex.tex
(C:\Users\kdad\AppData\Local\Programs\MiKTeX\tex/latex/tools\q.tex
LaTeX2e <2022-11-01> patch level 1
L3 programming layer <2022-12-17> File ignored
)
! Emergency stop.
<*> ipynbtopdf/tests/test_latex.tex
                                   
*** (job aborted, no legal \end found)

 
Here is how much of TeX's memory you used:
 18 strings out of 411566
 355 string characters out of 2820387
 1841973 words of memory out of 3000000
 20249 multiletter control sequences out of 15000+600000
 512287 words of font info for 32 fonts, out of 8000000 for 9000
 1348 hyphenation exceptions out of 8191
 12i,0n,12p,111b,10s stack positions out of 10000i,1000n,20000p,200000b,80000s
No pages of output.
